<?xml version="1.0" encoding="UTF-8"?>
<!-- Generated by org.testng.reporters.JUnitXMLReporter -->
<testsuite ignored="0" hostname="LAPTOP-TVBACTPP" failures="0" tests="3" name="Default test" time="155.816" errors="0" timestamp="2022-12-24T18:24:25 IST">
  <testcase classname="com.edusoln.runner.TestNGRunner" name="testcase" time="23.16"/>
  <testcase classname="com.edusoln.runner.TestNGRunner" name="testcase" time="23.572"/>
  <testcase classname="com.edusoln.runner.TestNGRunner" name="testcase" time="24.643"/>
</testsuite> <!-- Default test -->
