<?xml version="1.0" encoding="UTF-8"?>
<testng-results ignored="0" total="3" passed="3" failed="0" skipped="0">
  <reporter-output>
  </reporter-output>
  <suite started-at="2022-12-24T18:21:49 IST" name="Default suite" finished-at="2022-12-24T18:24:25 IST" duration-ms="155816">
    <groups>
    </groups>
    <test started-at="2022-12-24T18:21:49 IST" name="Default test" finished-at="2022-12-24T18:24:25 IST" duration-ms="155816">
      <class name="com.edusoln.runner.TestNGRunner">
        <test-method is-config="true" signature="beforeTest()[pri:0, instance:com.edusoln.runner.TestNGRunner@15a902e7]" started-at="2022-12-24T18:21:49 IST" name="beforeTest" finished-at="2022-12-24T18:21:50 IST" duration-ms="313" status="PASS">
          <reporter-output>
          </reporter-output>
        </test-method> <!-- beforeTest -->
        <test-method is-config="true" signature="browserSetUp()[pri:0, instance:com.edusoln.runner.TestNGRunner@15a902e7]" started-at="2022-12-24T18:21:50 IST" name="browserSetUp" finished-at="2022-12-24T18:22:16 IST" duration-ms="25792" status="PASS">
          <reporter-output>
          </reporter-output>
        </test-method> <!-- browserSetUp -->
        <test-method signature="testcase(java.util.Map)[pri:0, instance:com.edusoln.runner.TestNGRunner@15a902e7]" started-at="2022-12-24T18:22:16 IST" name="testcase" data-provider="dp" finished-at="2022-12-24T18:22:39 IST" duration-ms="23160" status="PASS">
          <params>
            <param index="0">
              <value>
                <![CDATA[{User id=Admin, Execute=Yes, TestCaseObjective=Verify Login works fine, AddEmployee=Yes, FirstName=kamini, LastName=Pamsare, MiddleName=Daulat, EmpiID=1, Test case no=1, Password=admin123}]]>
              </value>
            </param>
          </params>
          <reporter-output>
          </reporter-output>
        </test-method> <!-- testcase -->
        <test-method is-config="true" signature="tearDown()[pri:0, instance:com.edusoln.runner.TestNGRunner@15a902e7]" started-at="2022-12-24T18:22:39 IST" name="tearDown" finished-at="2022-12-24T18:22:42 IST" duration-ms="2803" status="PASS">
          <reporter-output>
          </reporter-output>
        </test-method> <!-- tearDown -->
        <test-method is-config="true" signature="browserSetUp()[pri:0, instance:com.edusoln.runner.TestNGRunner@15a902e7]" started-at="2022-12-24T18:22:42 IST" name="browserSetUp" finished-at="2022-12-24T18:23:09 IST" duration-ms="26608" status="PASS">
          <reporter-output>
          </reporter-output>
        </test-method> <!-- browserSetUp -->
        <test-method signature="testcase(java.util.Map)[pri:0, instance:com.edusoln.runner.TestNGRunner@15a902e7]" started-at="2022-12-24T18:23:09 IST" name="testcase" data-provider="dp" finished-at="2022-12-24T18:23:32 IST" duration-ms="23572" status="PASS">
          <params>
            <param index="0">
              <value>
                <![CDATA[{User id=Admin, Execute=Yes, TestCaseObjective=Verify Add employee works fine, AddEmployee=Yes, FirstName=Sachin, LastName=Tendulkar, MiddleName=Ramesh, EmpiID=3, Test case no=2, Password=admin123}]]>
              </value>
            </param>
          </params>
          <reporter-output>
          </reporter-output>
        </test-method> <!-- testcase -->
        <test-method is-config="true" signature="tearDown()[pri:0, instance:com.edusoln.runner.TestNGRunner@15a902e7]" started-at="2022-12-24T18:23:32 IST" name="tearDown" finished-at="2022-12-24T18:23:35 IST" duration-ms="2780" status="PASS">
          <reporter-output>
          </reporter-output>
        </test-method> <!-- tearDown -->
        <test-method is-config="true" signature="browserSetUp()[pri:0, instance:com.edusoln.runner.TestNGRunner@15a902e7]" started-at="2022-12-24T18:23:35 IST" name="browserSetUp" finished-at="2022-12-24T18:23:57 IST" duration-ms="22065" status="PASS">
          <reporter-output>
          </reporter-output>
        </test-method> <!-- browserSetUp -->
        <test-method signature="testcase(java.util.Map)[pri:0, instance:com.edusoln.runner.TestNGRunner@15a902e7]" started-at="2022-12-24T18:23:57 IST" name="testcase" data-provider="dp" finished-at="2022-12-24T18:24:22 IST" duration-ms="24643" status="PASS">
          <params>
            <param index="0">
              <value>
                <![CDATA[{User id=Admin, Execute=Yes, TestCaseObjective=Verify Add employee works fine, AddEmployee=Yes, FirstName=Sourav, LastName=Ganguly, MiddleName=test, EmpiID=6, Test case no=3, Password=admin123}]]>
              </value>
            </param>
          </params>
          <reporter-output>
          </reporter-output>
        </test-method> <!-- testcase -->
        <test-method is-config="true" signature="tearDown()[pri:0, instance:com.edusoln.runner.TestNGRunner@15a902e7]" started-at="2022-12-24T18:24:22 IST" name="tearDown" finished-at="2022-12-24T18:24:25 IST" duration-ms="2806" status="PASS">
          <reporter-output>
          </reporter-output>
        </test-method> <!-- tearDown -->
        <test-method is-config="true" signature="afterTest()[pri:0, instance:com.edusoln.runner.TestNGRunner@15a902e7]" started-at="2022-12-24T18:24:25 IST" name="afterTest" finished-at="2022-12-24T18:24:25 IST" duration-ms="440" status="PASS">
          <reporter-output>
          </reporter-output>
        </test-method> <!-- afterTest -->
      </class> <!-- com.edusoln.runner.TestNGRunner -->
    </test> <!-- Default test -->
  </suite> <!-- Default suite -->
</testng-results>
